mode: set
NEWSAPP/features/Articles/service/logic-articles.go:12.77,16.2 1 1
NEWSAPP/features/Articles/service/logic-articles.go:19.66,20.31 1 1
NEWSAPP/features/Articles/service/logic-articles.go:20.31,22.3 1 1
NEWSAPP/features/Articles/service/logic-articles.go:23.2,24.16 2 1
NEWSAPP/features/Articles/service/logic-articles.go:24.16,26.3 1 0
NEWSAPP/features/Articles/service/logic-articles.go:27.2,27.12 1 1
NEWSAPP/features/Articles/service/logic-articles.go:31.62,32.13 1 1
NEWSAPP/features/Articles/service/logic-articles.go:32.13,34.3 1 0
NEWSAPP/features/Articles/service/logic-articles.go:35.2,36.16 2 1
NEWSAPP/features/Articles/service/logic-articles.go:36.16,38.3 1 0
NEWSAPP/features/Articles/service/logic-articles.go:40.2,40.32 1 1
NEWSAPP/features/Articles/service/logic-articles.go:40.32,42.3 1 1
NEWSAPP/features/Articles/service/logic-articles.go:44.2,44.34 1 1
NEWSAPP/features/Articles/service/logic-articles.go:48.83,49.13 1 1
NEWSAPP/features/Articles/service/logic-articles.go:49.13,51.3 1 1
NEWSAPP/features/Articles/service/logic-articles.go:52.2,52.38 1 1
NEWSAPP/features/Articles/service/logic-articles.go:56.71,58.2 1 1
NEWSAPP/features/Articles/service/logic-articles.go:61.88,62.13 1 1
NEWSAPP/features/Articles/service/logic-articles.go:62.13,64.3 1 0
NEWSAPP/features/Articles/service/logic-articles.go:65.2,65.31 1 1
NEWSAPP/features/Articles/service/logic-articles.go:65.31,67.3 1 1
NEWSAPP/features/Articles/service/logic-articles.go:69.2,70.16 2 1
NEWSAPP/features/Articles/service/logic-articles.go:70.16,72.3 1 0
NEWSAPP/features/Articles/service/logic-articles.go:74.2,74.32 1 1
NEWSAPP/features/Articles/service/logic-articles.go:74.32,76.3 1 1
NEWSAPP/features/Articles/service/logic-articles.go:78.2,78.43 1 1
NEWSAPP/features/Comments/service/logic-comments.go:12.77,16.2 1 1
NEWSAPP/features/Comments/service/logic-comments.go:18.88,20.69 1 1
NEWSAPP/features/Comments/service/logic-comments.go:20.69,22.3 1 1
NEWSAPP/features/Comments/service/logic-comments.go:24.2,26.45 2 1
NEWSAPP/features/Comments/service/logic-comments.go:29.62,31.2 1 1
NEWSAPP/features/Comments/service/logic-comments.go:32.72,34.16 2 1
NEWSAPP/features/Comments/service/logic-comments.go:34.16,36.3 1 1
NEWSAPP/features/Comments/service/logic-comments.go:37.2,37.26 1 1
NEWSAPP/features/Users/service/logic-users.go:15.94,21.2 1 1
NEWSAPP/features/Users/service/logic-users.go:24.111,26.16 2 1
NEWSAPP/features/Users/service/logic-users.go:26.16,28.3 1 1
NEWSAPP/features/Users/service/logic-users.go:30.2,32.19 2 1
NEWSAPP/features/Users/service/logic-users.go:32.19,34.3 1 1
NEWSAPP/features/Users/service/logic-users.go:36.2,37.19 2 1
NEWSAPP/features/Users/service/logic-users.go:37.19,39.3 1 0
NEWSAPP/features/Users/service/logic-users.go:40.2,40.25 1 1
NEWSAPP/features/Users/service/logic-users.go:45.68,46.136 1 1
NEWSAPP/features/Users/service/logic-users.go:46.136,48.3 1 1
NEWSAPP/features/Users/service/logic-users.go:51.2,52.96 2 1
NEWSAPP/features/Users/service/logic-users.go:52.96,54.3 1 1
NEWSAPP/features/Users/service/logic-users.go:56.2,56.43 1 1
NEWSAPP/features/Users/service/logic-users.go:60.77,61.136 1 1
NEWSAPP/features/Users/service/logic-users.go:61.136,63.3 1 1
NEWSAPP/features/Users/service/logic-users.go:66.2,67.96 2 1
NEWSAPP/features/Users/service/logic-users.go:67.96,69.3 1 0
NEWSAPP/features/Users/service/logic-users.go:71.2,71.51 1 1
NEWSAPP/features/Users/service/logic-users.go:74.57,76.16 2 1
NEWSAPP/features/Users/service/logic-users.go:76.16,78.3 1 1
NEWSAPP/features/Users/service/logic-users.go:79.2,79.12 1 1
NEWSAPP/features/Users/service/logic-users.go:82.69,84.16 2 1
NEWSAPP/features/Users/service/logic-users.go:84.16,86.3 1 1
NEWSAPP/features/Users/service/logic-users.go:87.2,87.21 1 1
