mode: set
NEWSAPP/features/Articles/service/logic-articles.go:12.77,16.2 1 1
NEWSAPP/features/Articles/service/logic-articles.go:19.66,20.31 1 1
NEWSAPP/features/Articles/service/logic-articles.go:20.31,22.3 1 1
NEWSAPP/features/Articles/service/logic-articles.go:23.2,24.16 2 1
NEWSAPP/features/Articles/service/logic-articles.go:24.16,26.3 1 1
NEWSAPP/features/Articles/service/logic-articles.go:27.2,27.12 1 1
NEWSAPP/features/Articles/service/logic-articles.go:31.62,32.13 1 1
NEWSAPP/features/Articles/service/logic-articles.go:32.13,34.3 1 1
NEWSAPP/features/Articles/service/logic-articles.go:35.2,36.16 2 1
NEWSAPP/features/Articles/service/logic-articles.go:36.16,38.3 1 0
NEWSAPP/features/Articles/service/logic-articles.go:40.2,40.32 1 1
NEWSAPP/features/Articles/service/logic-articles.go:40.32,42.3 1 1
NEWSAPP/features/Articles/service/logic-articles.go:44.2,44.34 1 1
NEWSAPP/features/Articles/service/logic-articles.go:48.83,49.13 1 1
NEWSAPP/features/Articles/service/logic-articles.go:49.13,51.3 1 1
NEWSAPP/features/Articles/service/logic-articles.go:52.2,52.38 1 1
NEWSAPP/features/Articles/service/logic-articles.go:56.71,58.2 1 1
NEWSAPP/features/Articles/service/logic-articles.go:61.88,62.13 1 1
NEWSAPP/features/Articles/service/logic-articles.go:62.13,64.3 1 1
NEWSAPP/features/Articles/service/logic-articles.go:65.2,65.31 1 1
NEWSAPP/features/Articles/service/logic-articles.go:65.31,67.3 1 1
NEWSAPP/features/Articles/service/logic-articles.go:69.2,70.16 2 1
NEWSAPP/features/Articles/service/logic-articles.go:70.16,72.3 1 0
NEWSAPP/features/Articles/service/logic-articles.go:74.2,74.32 1 1
NEWSAPP/features/Articles/service/logic-articles.go:74.32,76.3 1 1
NEWSAPP/features/Articles/service/logic-articles.go:78.2,78.43 1 1
NEWSAPP/features/Comments/service/logic-comments.go:12.77,16.2 1 1
NEWSAPP/features/Comments/service/logic-comments.go:18.92,20.54 1 1
NEWSAPP/features/Comments/service/logic-comments.go:20.54,22.3 1 1
NEWSAPP/features/Comments/service/logic-comments.go:24.2,25.16 2 1
NEWSAPP/features/Comments/service/logic-comments.go:25.16,27.3 1 1
NEWSAPP/features/Comments/service/logic-comments.go:28.2,28.12 1 1
NEWSAPP/features/Comments/service/logic-comments.go:31.62,33.2 1 1
NEWSAPP/features/Comments/service/logic-comments.go:34.71,36.16 2 1
NEWSAPP/features/Comments/service/logic-comments.go:36.16,38.3 1 1
NEWSAPP/features/Comments/service/logic-comments.go:39.2,39.26 1 1
NEWSAPP/features/Users/service/logic-users.go:16.131,23.2 1 1
NEWSAPP/features/Users/service/logic-users.go:26.111,28.16 2 1
NEWSAPP/features/Users/service/logic-users.go:28.16,30.3 1 1
NEWSAPP/features/Users/service/logic-users.go:32.2,34.19 2 1
NEWSAPP/features/Users/service/logic-users.go:34.19,36.3 1 1
NEWSAPP/features/Users/service/logic-users.go:38.2,39.19 2 1
NEWSAPP/features/Users/service/logic-users.go:39.19,41.3 1 0
NEWSAPP/features/Users/service/logic-users.go:42.2,42.25 1 1
NEWSAPP/features/Users/service/logic-users.go:47.68,48.136 1 1
NEWSAPP/features/Users/service/logic-users.go:48.136,50.3 1 1
NEWSAPP/features/Users/service/logic-users.go:53.2,54.96 2 1
NEWSAPP/features/Users/service/logic-users.go:54.96,56.3 1 1
NEWSAPP/features/Users/service/logic-users.go:58.2,58.43 1 1
NEWSAPP/features/Users/service/logic-users.go:62.77,63.136 1 1
NEWSAPP/features/Users/service/logic-users.go:63.136,65.3 1 1
NEWSAPP/features/Users/service/logic-users.go:68.2,69.96 2 1
NEWSAPP/features/Users/service/logic-users.go:69.96,71.3 1 1
NEWSAPP/features/Users/service/logic-users.go:73.2,73.51 1 1
NEWSAPP/features/Users/service/logic-users.go:76.57,78.16 2 1
NEWSAPP/features/Users/service/logic-users.go:78.16,80.3 1 1
NEWSAPP/features/Users/service/logic-users.go:81.2,81.12 1 1
NEWSAPP/features/Users/service/logic-users.go:84.69,86.16 2 1
NEWSAPP/features/Users/service/logic-users.go:86.16,88.3 1 1
NEWSAPP/features/Users/service/logic-users.go:89.2,89.21 1 1
